app/build/intermediates/manifest_merge_blame_file/debug/processDebugMainManifest/manifest-merger-blame-debug-report.txt
1<?xml version="1.0" encoding="utf-8"?>
2<manifest xmlns:android="http://schemas.android.com/apk/res/android"
3    package="com.min.mypage"
4    android:versionCode="1"
5    android:versionName="1.0" >
6
7    <uses-sdk
8        android:minSdkVersion="24"
9        android:targetSdkVersion="35" />
10
11    <uses-permission android:name="android.permission.INTERNET" />
11-->src/main/AndroidManifest.xml:5:5-67
11-->src/main/AndroidManifest.xml:5:22-64
12    <uses-permission android:name="android.permission.ACCESS_FINE_LOCATION" />
12-->src/main/AndroidManifest.xml:6:5-79
12-->src/main/AndroidManifest.xml:6:22-76
13    <uses-permission android:name="android.permission.ACCESS_COARSE_LOCATION" />
13-->src/main/AndroidManifest.xml:7:5-81
13-->src/main/AndroidManifest.xml:7:22-78
14
15    <uses-feature
15-->[com.naver.maps:map-sdk:3.17.0] AndroidManifest.xml:7:5-9:35
16        android:glEsVersion="0x00020000"
16-->[com.naver.maps:map-sdk:3.17.0] AndroidManifest.xml:8:9-41
17        android:required="true" />
17-->[com.naver.maps:map-sdk:3.17.0] AndroidManifest.xml:9:9-32
18    <uses-feature
18-->[com.naver.maps:map-sdk:3.17.0] AndroidManifest.xml:10:5-12:36
19        android:name="android.hardware.wifi"
19-->[com.naver.maps:map-sdk:3.17.0] AndroidManifest.xml:11:9-45
20        android:required="false" />
20-->[com.naver.maps:map-sdk:3.17.0] AndroidManifest.xml:12:9-33
21
22    <uses-permission android:name="android.permission.ACCESS_NETWORK_STATE" />
22-->[com.naver.maps:map-sdk:3.17.0] AndroidManifest.xml:15:5-79
22-->[com.naver.maps:map-sdk:3.17.0] AndroidManifest.xml:15:22-76
23    <uses-permission android:name="android.permission.ACCESS_WIFI_STATE" />
23-->[com.naver.maps:map-sdk:3.17.0] AndroidManifest.xml:16:5-76
23-->[com.naver.maps:map-sdk:3.17.0] AndroidManifest.xml:16:22-73
24
25    <permission
25-->[androidx.core:core:1.16.0] AndroidManifest.xml:22:5-24:47
26        android:name="com.min.mypage.DYNAMIC_RECEIVER_NOT_EXPORTED_PERMISSION"
26-->[androidx.core:core:1.16.0] AndroidManifest.xml:23:9-81
27        android:protectionLevel="signature" />
27-->[androidx.core:core:1.16.0] AndroidManifest.xml:24:9-44
28
29    <uses-permission android:name="com.min.mypage.DYNAMIC_RECEIVER_NOT_EXPORTED_PERMISSION" />
29-->[androidx.core:core:1.16.0] AndroidManifest.xml:26:5-97
29-->[androidx.core:core:1.16.0] AndroidManifest.xml:26:22-94
30
31    <application
31-->src/main/AndroidManifest.xml:9:5-34:19
32        android:name="com.min.mypage.MyApp"
32-->src/main/AndroidManifest.xml:10:9-30
33        android:allowBackup="true"
33-->src/main/AndroidManifest.xml:11:9-35
34        android:appComponentFactory="androidx.core.app.CoreComponentFactory"
34-->[androidx.core:core:1.16.0] AndroidManifest.xml:28:18-86
35        android:dataExtractionRules="@xml/data_extraction_rules"
35-->src/main/AndroidManifest.xml:12:9-65
36        android:debuggable="true"
37        android:extractNativeLibs="false"
38        android:fullBackupContent="@xml/backup_rules"
38-->src/main/AndroidManifest.xml:13:9-54
39        android:icon="@mipmap/ic_launcher"
39-->src/main/AndroidManifest.xml:14:9-43
40        android:label="@string/app_name"
40-->src/main/AndroidManifest.xml:15:9-41
41        android:roundIcon="@mipmap/ic_launcher_round"
41-->src/main/AndroidManifest.xml:16:9-54
42        android:supportsRtl="true"
42-->src/main/AndroidManifest.xml:17:9-35
43        android:testOnly="true"
44        android:theme="@style/Theme.MyPage" >
44-->src/main/AndroidManifest.xml:18:9-44
45        <meta-data
45-->src/main/AndroidManifest.xml:20:9-22:42
46            android:name="com.naver.maps.map.CLIENT_ID"
46-->src/main/AndroidManifest.xml:21:13-56
47            android:value="mki5mzmwjj" />
47-->src/main/AndroidManifest.xml:22:13-39
48
49        <activity
49-->src/main/AndroidManifest.xml:24:9-33:20
50            android:name="com.min.mypage.MainActivity"
50-->src/main/AndroidManifest.xml:25:13-41
51            android:exported="true"
51-->src/main/AndroidManifest.xml:26:13-36
52            android:label="@string/app_name" >
52-->src/main/AndroidManifest.xml:27:13-45
53            <intent-filter>
53-->src/main/AndroidManifest.xml:28:13-32:29
54                <action android:name="android.intent.action.MAIN" />
54-->src/main/AndroidManifest.xml:29:17-69
54-->src/main/AndroidManifest.xml:29:25-66
55
56                <category android:name="android.intent.category.LAUNCHER" />
56-->src/main/AndroidManifest.xml:31:17-77
56-->src/main/AndroidManifest.xml:31:27-74
57            </intent-filter>
58        </activity>
59        <activity
59-->[com.naver.maps:map-sdk:3.17.0] AndroidManifest.xml:19:9-23:51
60            android:name="com.naver.maps.map.app.LegendActivity"
60-->[com.naver.maps:map-sdk:3.17.0] AndroidManifest.xml:20:13-65
61            android:configChanges="screenSize|smallestScreenSize|screenLayout|orientation"
61-->[com.naver.maps:map-sdk:3.17.0] AndroidManifest.xml:21:13-91
62            android:label="@string/navermap_legend"
62-->[com.naver.maps:map-sdk:3.17.0] AndroidManifest.xml:22:13-52
63            android:theme="@style/navermap_app" />
63-->[com.naver.maps:map-sdk:3.17.0] AndroidManifest.xml:23:13-48
64        <activity
64-->[com.naver.maps:map-sdk:3.17.0] AndroidManifest.xml:24:9-28:51
65            android:name="com.naver.maps.map.app.LegalNoticeActivity"
65-->[com.naver.maps:map-sdk:3.17.0] AndroidManifest.xml:25:13-70
66            android:configChanges="screenSize|smallestScreenSize|screenLayout|orientation"
66-->[com.naver.maps:map-sdk:3.17.0] AndroidManifest.xml:26:13-91
67            android:label="@string/navermap_legal_notice"
67-->[com.naver.maps:map-sdk:3.17.0] AndroidManifest.xml:27:13-58
68            android:theme="@style/navermap_app" />
68-->[com.naver.maps:map-sdk:3.17.0] AndroidManifest.xml:28:13-48
69        <activity
69-->[com.naver.maps:map-sdk:3.17.0] AndroidManifest.xml:29:9-33:51
70            android:name="com.naver.maps.map.app.OpenSourceLicenseActivity"
70-->[com.naver.maps:map-sdk:3.17.0] AndroidManifest.xml:30:13-76
71            android:configChanges="screenSize|smallestScreenSize|screenLayout|orientation"
71-->[com.naver.maps:map-sdk:3.17.0] AndroidManifest.xml:31:13-91
72            android:label="@string/navermap_open_source_license"
72-->[com.naver.maps:map-sdk:3.17.0] AndroidManifest.xml:32:13-65
73            android:theme="@style/navermap_app" />
73-->[com.naver.maps:map-sdk:3.17.0] AndroidManifest.xml:33:13-48
74
75        <provider
75-->[androidx.emoji2:emoji2:1.3.0] AndroidManifest.xml:24:9-32:20
76            android:name="androidx.startup.InitializationProvider"
76-->[androidx.emoji2:emoji2:1.3.0] AndroidManifest.xml:25:13-67
77            android:authorities="com.min.mypage.androidx-startup"
77-->[androidx.emoji2:emoji2:1.3.0] AndroidManifest.xml:26:13-68
78            android:exported="false" >
78-->[androidx.emoji2:emoji2:1.3.0] AndroidManifest.xml:27:13-37
79            <meta-data
79-->[androidx.emoji2:emoji2:1.3.0] AndroidManifest.xml:29:13-31:52
80                android:name="androidx.emoji2.text.EmojiCompatInitializer"
80-->[androidx.emoji2:emoji2:1.3.0] AndroidManifest.xml:30:17-75
81                android:value="androidx.startup" />
81-->[androidx.emoji2:emoji2:1.3.0] AndroidManifest.xml:31:17-49
82            <meta-data
82-->[androidx.lifecycle:lifecycle-process:2.9.1] AndroidManifest.xml:29:13-31:52
83                android:name="androidx.lifecycle.ProcessLifecycleInitializer"
83-->[androidx.lifecycle:lifecycle-process:2.9.1] AndroidManifest.xml:30:17-78
84                android:value="androidx.startup" />
84-->[androidx.lifecycle:lifecycle-process:2.9.1] AndroidManifest.xml:31:17-49
85            <meta-data
85-->[androidx.profileinstaller:profileinstaller:1.4.0] AndroidManifest.xml:29:13-31:52
86                android:name="androidx.profileinstaller.ProfileInstallerInitializer"
86-->[androidx.profileinstaller:profileinstaller:1.4.0] AndroidManifest.xml:30:17-85
87                android:value="androidx.startup" />
87-->[androidx.profileinstaller:profileinstaller:1.4.0] AndroidManifest.xml:31:17-49
88        </provider>
89
90        <uses-library
90-->[androidx.window:window:1.0.0] AndroidManifest.xml:25:9-27:40
91            android:name="androidx.window.extensions"
91-->[androidx.window:window:1.0.0] AndroidManifest.xml:26:13-54
92            android:required="false" />
92-->[androidx.window:window:1.0.0] AndroidManifest.xml:27:13-37
93        <uses-library
93-->[androidx.window:window:1.0.0] AndroidManifest.xml:28:9-30:40
94            android:name="androidx.window.sidecar"
94-->[androidx.window:window:1.0.0] AndroidManifest.xml:29:13-51
95            android:required="false" />
95-->[androidx.window:window:1.0.0] AndroidManifest.xml:30:13-37
96
97        <receiver
97-->[androidx.profileinstaller:profileinstaller:1.4.0] AndroidManifest.xml:34:9-52:20
98            android:name="androidx.profileinstaller.ProfileInstallReceiver"
98-->[androidx.profileinstaller:profileinstaller:1.4.0] AndroidManifest.xml:35:13-76
99            android:directBootAware="false"
99-->[androidx.profileinstaller:profileinstaller:1.4.0] AndroidManifest.xml:36:13-44
100            android:enabled="true"
100-->[androidx.profileinstaller:profileinstaller:1.4.0] AndroidManifest.xml:37:13-35
101            android:exported="true"
101-->[androidx.profileinstaller:profileinstaller:1.4.0] AndroidManifest.xml:38:13-36
102            android:permission="android.permission.DUMP" >
102-->[androidx.profileinstaller:profileinstaller:1.4.0] AndroidManifest.xml:39:13-57
103            <intent-filter>
103-->[androidx.profileinstaller:profileinstaller:1.4.0] AndroidManifest.xml:40:13-42:29
104                <action android:name="androidx.profileinstaller.action.INSTALL_PROFILE" />
104-->[androidx.profileinstaller:profileinstaller:1.4.0] AndroidManifest.xml:41:17-91
104-->[androidx.profileinstaller:profileinstaller:1.4.0] AndroidManifest.xml:41:25-88
105            </intent-filter>
106            <intent-filter>
106-->[androidx.profileinstaller:profileinstaller:1.4.0] AndroidManifest.xml:43:13-45:29
107                <action android:name="androidx.profileinstaller.action.SKIP_FILE" />
107-->[androidx.profileinstaller:profileinstaller:1.4.0] AndroidManifest.xml:44:17-85
107-->[androidx.profileinstaller:profileinstaller:1.4.0] AndroidManifest.xml:44:25-82
108            </intent-filter>
109            <intent-filter>
109-->[androidx.profileinstaller:profileinstaller:1.4.0] AndroidManifest.xml:46:13-48:29
110                <action android:name="androidx.profileinstaller.action.SAVE_PROFILE" />
110-->[androidx.profileinstaller:profileinstaller:1.4.0] AndroidManifest.xml:47:17-88
110-->[androidx.profileinstaller:profileinstaller:1.4.0] AndroidManifest.xml:47:25-85
111            </intent-filter>
112            <intent-filter>
112-->[androidx.profileinstaller:profileinstaller:1.4.0] AndroidManifest.xml:49:13-51:29
113                <action android:name="androidx.profileinstaller.action.BENCHMARK_OPERATION" />
113-->[androidx.profileinstaller:profileinstaller:1.4.0] AndroidManifest.xml:50:17-95
113-->[androidx.profileinstaller:profileinstaller:1.4.0] AndroidManifest.xml:50:25-92
114            </intent-filter>
115        </receiver>
116    </application>
117
118</manifest>